[2016-11-16 00:45:00] production.INFO: voted ip : 36.83.177.141  
[2016-11-16 00:45:18] production.INFO: voted ip : 36.83.177.141  
[2016-11-16 00:58:18] production.INFO: voted ip : 120.188.83.93  
[2016-11-16 00:59:11] production.ERROR: exception 'ErrorException' with message 'Object of class Carbon\Carbon could not be converted to int' in E:\WEBAION\app\Http\Controllers\AccountController.php:144
Stack trace:
#0 E:\WEBAION\app\Http\Controllers\AccountController.php(144): Illuminate\Foundation\Bootstrap\HandleExceptions->handleError(8, 'Object of class...', 'E:\\WEBAION\\app\\...', 144, Array)
#1 [internal function]: App\Http\Controllers\AccountController->postUnstuck(Object(App\Http\Requests\Unstuck))
#2 E:\WEBAION\vendor\laravel\framework\src\Illuminate\Routing\Controller.php(256): call_user_func_array(Array, Array)
#3 E:\WEBAION\vendor\laravel\framework\src\Illuminate\Routing\ControllerDispatcher.php(164): Illuminate\Routing\Controller->callAction('postUnstuck', Array)
#4 E:\WEBAION\vendor\laravel\framework\src\Illuminate\Routing\ControllerDispatcher.php(112): Illuminate\Routing\ControllerDispatcher->call(Object(App\Http\Controllers\AccountController), Object(Illuminate\Routing\Route), 'postUnstuck')
#5 [internal function]: Illuminate\Routing\ControllerDispatcher->Illuminate\Routing\{closure}(Object(Illuminate\Http\Request))
#6 E:\WEBAION\vendor\laravel\framework\src\Illuminate\Pipeline\Pipeline.php(139): call_user_func(Object(Closure), Object(Illuminate\Http\Request))
#7 [internal function]: Illuminate\Pipeline\Pipeline->Illuminate\Pipeline\{closure}(Object(Illuminate\Http\Request))
#8 E:\WEBAION\vendor\laravel\framework\src\Illuminate\Pipeline\Pipeline.php(103): call_user_func(Object(Closure), Object(Illuminate\Http\Request))
#9 E:\WEBAION\vendor\laravel\framework\src\Illuminate\Routing\ControllerDispatcher.php(114): Illuminate\Pipeline\Pipeline->then(Object(Closure))
#10 E:\WEBAION\vendor\laravel\framework\src\Illuminate\Routing\ControllerDispatcher.php(69): Illuminate\Routing\ControllerDispatcher->callWithinStack(Object(App\Http\Controllers\AccountController), Object(Illuminate\Routing\Route), Object(Illuminate\Http\Request), 'postUnstuck')
#11 E:\WEBAION\vendor\laravel\framework\src\Illuminate\Routing\Route.php(203): Illuminate\Routing\ControllerDispatcher->dispatch(Object(Illuminate\Routing\Route), Object(Illuminate\Http\Request), 'App\\Http\\Contro...', 'postUnstuck')
#12 E:\WEBAION\vendor\laravel\framework\src\Illuminate\Routing\Route.php(134): Illuminate\Routing\Route->runWithCustomDispatcher(Object(Illuminate\Http\Request))
#13 E:\WEBAION\vendor\laravel\framework\src\Illuminate\Routing\Router.php(712): Illuminate\Routing\Route->run(Object(Illuminate\Http\Request))
#14 [internal function]: Illuminate\Routing\Router->Illuminate\Routing\{closure}(Object(Illuminate\Http\Request))
#15 E:\WEBAION\vendor\laravel\framework\src\Illuminate\Pipeline\Pipeline.php(139): call_user_func(Object(Closure), Object(Illuminate\Http\Request))
#16 E:\WEBAION\app\Http\Middleware\Authenticate.php(45): Illuminate\Pipeline\Pipeline->Illuminate\Pipeline\{closure}(Object(Illuminate\Http\Request))
#17 [internal function]: App\Http\Middleware\Authenticate->handle(Object(Illuminate\Http\Request), Object(Closure))
#18 E:\WEBAION\vendor\laravel\framework\src\Illuminate\Pipeline\Pipeline.php(124): call_user_func_array(Array, Array)
#19 [internal function]: Illuminate\Pipeline\Pipeline->Illuminate\Pipeline\{closure}(Object(Illuminate\Http\Request))
#20 E:\WEBAION\vendor\laravel\framework\src\Illuminate\Pipeline\Pipeline.php(103): call_user_func(Object(Closure), Object(Illuminate\Http\Request))
#21 E:\WEBAION\vendor\laravel\framework\src\Illuminate\Routing\Router.php(714): Illuminate\Pipeline\Pipeline->then(Object(Closure))
#22 E:\WEBAION\vendor\laravel\framework\src\Illuminate\Routing\Router.php(679): Illuminate\Routing\Router->runRouteWithinStack(Object(Illuminate\Routing\Route), Object(Illuminate\Http\Request))
#23 E:\WEBAION\vendor\laravel\framework\src\Illuminate\Routing\Router.php(639): Illuminate\Routing\Router->dispatchToRoute(Object(Illuminate\Http\Request))
#24 E:\WEBAION\vendor\laravel\framework\src\Illuminate\Foundation\Http\Kernel.php(236): Illuminate\Routing\Router->dispatch(Object(Illuminate\Http\Request))
#25 [internal function]: Illuminate\Foundation\Http\Kernel->Illuminate\Foundation\Http\{closure}(Object(Illuminate\Http\Request))
#26 E:\WEBAION\vendor\laravel\framework\src\Illuminate\Pipeline\Pipeline.php(139): call_user_func(Object(Closure), Object(Illuminate\Http\Request))
#27 E:\WEBAION\vendor\laravel\framework\src\Illuminate\Foundation\Http\Middleware\VerifyCsrfToken.php(50): Illuminate\Pipeline\Pipeline->Illuminate\Pipeline\{closure}(Object(Illuminate\Http\Request))
#28 [internal function]: Illuminate\Foundation\Http\Middleware\VerifyCsrfToken->handle(Object(Illuminate\Http\Request), Object(Closure))
#29 E:\WEBAION\vendor\laravel\framework\src\Illuminate\Pipeline\Pipeline.php(124): call_user_func_array(Array, Array)
#30 E:\WEBAION\vendor\laravel\framework\src\Illuminate\View\Middleware\ShareErrorsFromSession.php(49): Illuminate\Pipeline\Pipeline->Illuminate\Pipeline\{closure}(Object(Illuminate\Http\Request))
#31 [internal function]: Illuminate\View\Middleware\ShareErrorsFromSession->handle(Object(Illuminate\Http\Request), Object(Closure))
#32 E:\WEBAION\vendor\laravel\framework\src\Illuminate\Pipeline\Pipeline.php(124): call_user_func_array(Array, Array)
#33 E:\WEBAION\vendor\laravel\framework\src\Illuminate\Session\Middleware\StartSession.php(62): Illuminate\Pipeline\Pipeline->Illuminate\Pipeline\{closure}(Object(Illuminate\Http\Request))
#34 [internal function]: Illuminate\Session\Middleware\StartSession->handle(Object(Illuminate\Http\Request), Object(Closure))
#35 E:\WEBAION\vendor\laravel\framework\src\Illuminate\Pipeline\Pipeline.php(124): call_user_func_array(Array, Array)
#36 E:\WEBAION\vendor\laravel\framework\src\Illuminate\Cookie\Middleware\AddQueuedCookiesToResponse.php(37): Illuminate\Pipeline\Pipeline->Illuminate\Pipeline\{closure}(Object(Illuminate\Http\Request))
#37 [internal function]: Illuminate\Cookie\Middleware\AddQueuedCookiesToResponse->handle(Object(Illuminate\Http\Request), Object(Closure))
#38 E:\WEBAION\vendor\laravel\framework\src\Illuminate\Pipeline\Pipeline.php(124): call_user_func_array(Array, Array)
#39 E:\WEBAION\vendor\laravel\framework\src\Illuminate\Cookie\Middleware\EncryptCookies.php(59): Illuminate\Pipeline\Pipeline->Illuminate\Pipeline\{closure}(Object(Illuminate\Http\Request))
#40 [internal function]: Illuminate\Cookie\Middleware\EncryptCookies->handle(Object(Illuminate\Http\Request), Object(Closure))
#41 E:\WEBAION\vendor\laravel\framework\src\Illuminate\Pipeline\Pipeline.php(124): call_user_func_array(Array, Array)
#42 E:\WEBAION\vendor\laravel\framework\src\Illuminate\Foundation\Http\Middleware\CheckForMaintenanceMode.php(42): Illuminate\Pipeline\Pipeline->Illuminate\Pipeline\{closure}(Object(Illuminate\Http\Request))
#43 [internal function]: Illuminate\Foundation\Http\Middleware\CheckForMaintenanceMode->handle(Object(Illuminate\Http\Request), Object(Closure))
#44 E:\WEBAION\vendor\laravel\framework\src\Illuminate\Pipeline\Pipeline.php(124): call_user_func_array(Array, Array)
#45 [internal function]: Illuminate\Pipeline\Pipeline->Illuminate\Pipeline\{closure}(Object(Illuminate\Http\Request))
#46 E:\WEBAION\vendor\laravel\framework\src\Illuminate\Pipeline\Pipeline.php(103): call_user_func(Object(Closure), Object(Illuminate\Http\Request))
#47 E:\WEBAION\vendor\laravel\framework\src\Illuminate\Foundation\Http\Kernel.php(122): Illuminate\Pipeline\Pipeline->then(Object(Closure))
#48 E:\WEBAION\vendor\laravel\framework\src\Illuminate\Foundation\Http\Kernel.php(87): Illuminate\Foundation\Http\Kernel->sendRequestThroughRouter(Object(Illuminate\Http\Request))
#49 E:\WEBAION\public\index.php(54): Illuminate\Foundation\Http\Kernel->handle(Object(Illuminate\Http\Request))
#50 {main}  
[2016-11-16 01:20:02] production.INFO: voted ip : 120.188.81.223  
[2016-11-16 01:29:33] production.INFO: voted ip : 36.84.13.130  
[2016-11-16 01:43:26] production.INFO: voted ip : 36.77.109.91  
[2016-11-16 01:55:10] production.INFO: voted ip : 36.79.188.177  
[2016-11-16 02:05:33] production.INFO: voted ip : 36.79.188.177  
[2016-11-16 02:08:54] production.INFO: voted ip : 36.79.188.177  
[2016-11-16 02:15:04] production.INFO: voted ip : 120.188.81.223  
[2016-11-16 02:18:25] production.INFO: voted ip : 114.125.85.210  
[2016-11-16 02:46:18] production.INFO: voted ip : 36.84.13.130  
[2016-11-16 03:00:12] production.INFO: voted ip : 120.188.86.224  
[2016-11-16 03:07:24] production.ERROR: exception 'PDOException' with message 'SQLSTATE[HY000] [1045] Access denied for user 'root'@'localhost' (using password: YES)' in E:\WEBAION\vendor\laravel\framework\src\Illuminate\Database\Connectors\Connector.php:55
Stack trace:
#0 E:\WEBAION\vendor\laravel\framework\src\Illuminate\Database\Connectors\Connector.php(55): PDO->__construct('mysql:host=loca...', 'root', 'Hckd123', Array)
#1 E:\WEBAION\vendor\laravel\framework\src\Illuminate\Database\Connectors\MySqlConnector.php(22): Illuminate\Database\Connectors\Connector->createConnection('mysql:host=loca...', Array, Array)
#2 E:\WEBAION\vendor\laravel\framework\src\Illuminate\Database\Connectors\ConnectionFactory.php(60): Illuminate\Database\Connectors\MySqlConnector->connect(Array)
#3 E:\WEBAION\vendor\laravel\framework\src\Illuminate\Database\Connectors\ConnectionFactory.php(49): Illuminate\Database\Connectors\ConnectionFactory->createSingleConnection(Array)
#4 E:\WEBAION\vendor\laravel\framework\src\Illuminate\Database\DatabaseManager.php(175): Illuminate\Database\Connectors\ConnectionFactory->make(Array, 'aionls')
#5 E:\WEBAION\vendor\laravel\framework\src\Illuminate\Database\DatabaseManager.php(67): Illuminate\Database\DatabaseManager->makeConnection('aionls')
#6 E:\WEBAION\vendor\laravel\framework\src\Illuminate\Database\Eloquent\Model.php(3268): Illuminate\Database\DatabaseManager->connection('aionls')
#7 E:\WEBAION\vendor\laravel\framework\src\Illuminate\Database\Eloquent\Model.php(3234): Illuminate\Database\Eloquent\Model::resolveConnection('aionls')
#8 E:\WEBAION\vendor\laravel\framework\src\Illuminate\Database\Eloquent\Model.php(1914): Illuminate\Database\Eloquent\Model->getConnection()
#9 E:\WEBAION\vendor\laravel\framework\src\Illuminate\Database\Eloquent\Model.php(1857): Illuminate\Database\Eloquent\Model->newBaseQueryBuilder()
#10 E:\WEBAION\vendor\laravel\framework\src\Illuminate\Database\Eloquent\Model.php(1831): Illuminate\Database\Eloquent\Model->newQueryWithoutScopes()
#11 E:\WEBAION\vendor\laravel\framework\src\Illuminate\Database\Eloquent\Model.php(3480): Illuminate\Database\Eloquent\Model->newQuery()
#12 E:\WEBAION\app\Repositories\SettingsRepository.php(40): Illuminate\Database\Eloquent\Model->__call('find', Array)
#13 E:\WEBAION\app\Repositories\SettingsRepository.php(40): App\Models\RoutesAccess->find(1)
#14 E:\WEBAION\app\FacadesClass\SiteSettings.php(28): App\Repositories\SettingsRepository->getRoutesAccess()
#15 E:\WEBAION\vendor\laravel\framework\src\Illuminate\Support\Facades\Facade.php(213): App\FacadesClass\SiteSettings->access()
#16 E:\WEBAION\app\Http\routes.php(23): Illuminate\Support\Facades\Facade::__callStatic('access', Array)
#17 E:\WEBAION\app\Http\routes.php(23): App\Facades\SiteSettings::access()
#18 [internal function]: App\Providers\RouteServiceProvider->{closure}(Object(Illuminate\Routing\Router))
#19 E:\WEBAION\vendor\laravel\framework\src\Illuminate\Routing\Router.php(358): call_user_func(Object(Closure), Object(Illuminate\Routing\Router))
#20 E:\WEBAION\vendor\laravel\framework\src\Illuminate\Support\Facades\Facade.php(219): Illuminate\Routing\Router->group(Array, Object(Closure))
#21 E:\WEBAION\app\Http\routes.php(42): Illuminate\Support\Facades\Facade::__callStatic('group', Array)
#22 E:\WEBAION\app\Http\routes.php(42): Illuminate\Support\Facades\Route::group(Array, Object(Closure))
#23 E:\WEBAION\app\Providers\RouteServiceProvider.php(41): require('E:\\WEBAION\\app\\...')
#24 [internal function]: App\Providers\RouteServiceProvider->App\Providers\{closure}(Object(Illuminate\Routing\Router))
#25 E:\WEBAION\vendor\laravel\framework\src\Illuminate\Routing\Router.php(358): call_user_func(Object(Closure), Object(Illuminate\Routing\Router))
#26 E:\WEBAION\app\Providers\RouteServiceProvider.php(42): Illuminate\Routing\Router->group(Array, Object(Closure))
#27 [internal function]: App\Providers\RouteServiceProvider->map(Object(Illuminate\Routing\Router))
#28 E:\WEBAION\vendor\laravel\framework\src\Illuminate\Container\Container.php(503): call_user_func_array(Array, Array)
#29 E:\WEBAION\vendor\laravel\framework\src\Illuminate\Foundation\Support\Providers\RouteServiceProvider.php(72): Illuminate\Container\Container->call(Array)
#30 E:\WEBAION\vendor\laravel\framework\src\Illuminate\Foundation\Support\Providers\RouteServiceProvider.php(30): Illuminate\Foundation\Support\Providers\RouteServiceProvider->loadRoutes()
#31 E:\WEBAION\app\Providers\RouteServiceProvider.php(29): Illuminate\Foundation\Support\Providers\RouteServiceProvider->boot(Object(Illuminate\Routing\Router))
#32 [internal function]: App\Providers\RouteServiceProvider->boot(Object(Illuminate\Routing\Router))
#33 E:\WEBAION\vendor\laravel\framework\src\Illuminate\Container\Container.php(503): call_user_func_array(Array, Array)
#34 E:\WEBAION\vendor\laravel\framework\src\Illuminate\Foundation\Application.php(734): Illuminate\Container\Container->call(Array)
#35 E:\WEBAION\vendor\laravel\framework\src\Illuminate\Foundation\Application.php(717): Illuminate\Foundation\Application->bootProvider(Object(App\Providers\RouteServiceProvider))
#36 [internal function]: Illuminate\Foundation\Application->Illuminate\Foundation\{closure}(Object(App\Providers\RouteServiceProvider), 16)
#37 E:\WEBAION\vendor\laravel\framework\src\Illuminate\Foundation\Application.php(718): array_walk(Array, Object(Closure))
#38 E:\WEBAION\vendor\laravel\framework\src\Illuminate\Foundation\Bootstrap\BootProviders.php(17): Illuminate\Foundation\Application->boot()
#39 E:\WEBAION\vendor\laravel\framework\src\Illuminate\Foundation\Application.php(203): Illuminate\Foundation\Bootstrap\BootProviders->bootstrap(Object(Illuminate\Foundation\Application))
#40 E:\WEBAION\vendor\laravel\framework\src\Illuminate\Foundation\Http\Kernel.php(222): Illuminate\Foundation\Application->bootstrapWith(Array)
#41 E:\WEBAION\vendor\laravel\framework\src\Illuminate\Foundation\Http\Kernel.php(117): Illuminate\Foundation\Http\Kernel->bootstrap()
#42 E:\WEBAION\vendor\laravel\framework\src\Illuminate\Foundation\Http\Kernel.php(87): Illuminate\Foundation\Http\Kernel->sendRequestThroughRouter(Object(Illuminate\Http\Request))
#43 E:\WEBAION\public\index.php(54): Illuminate\Foundation\Http\Kernel->handle(Object(Illuminate\Http\Request))
#44 {main}  
[2016-11-16 03:07:24] production.ERROR: exception 'RuntimeException' with message 'No supported encrypter found. The cipher and / or key length are invalid.' in E:\WEBAION\vendor\laravel\framework\src\Illuminate\Encryption\EncryptionServiceProvider.php:29
Stack trace:
#0 E:\WEBAION\vendor\laravel\framework\src\Illuminate\Container\Container.php(734): Illuminate\Encryption\EncryptionServiceProvider->Illuminate\Encryption\{closure}(Object(Illuminate\Foundation\Application), Array)
#1 E:\WEBAION\vendor\laravel\framework\src\Illuminate\Container\Container.php(627): Illuminate\Container\Container->build(Object(Closure), Array)
#2 E:\WEBAION\vendor\laravel\framework\src\Illuminate\Foundation\Application.php(674): Illuminate\Container\Container->make('encrypter', Array)
#3 E:\WEBAION\vendor\laravel\framework\src\Illuminate\Container\Container.php(838): Illuminate\Foundation\Application->make('Illuminate\\Cont...')
#4 E:\WEBAION\vendor\laravel\framework\src\Illuminate\Container\Container.php(801): Illuminate\Container\Container->resolveClass(Object(ReflectionParameter))
#5 E:\WEBAION\vendor\laravel\framework\src\Illuminate\Container\Container.php(772): Illuminate\Container\Container->getDependencies(Array, Array)
#6 E:\WEBAION\vendor\laravel\framework\src\Illuminate\Container\Container.php(627): Illuminate\Container\Container->build('App\\Http\\Middle...', Array)
#7 E:\WEBAION\vendor\laravel\framework\src\Illuminate\Foundation\Application.php(674): Illuminate\Container\Container->make('App\\Http\\Middle...', Array)
#8 E:\WEBAION\vendor\laravel\framework\src\Illuminate\Foundation\Http\Kernel.php(142): Illuminate\Foundation\Application->make('App\\Http\\Middle...')
#9 E:\WEBAION\public\index.php(58): Illuminate\Foundation\Http\Kernel->terminate(Object(Illuminate\Http\Request), Object(Illuminate\Http\Response))
#10 {main}  
[2016-11-16 03:33:10] production.INFO: voted ip : 125.161.197.176  
[2016-11-16 07:12:56] production.INFO: voted ip : 202.67.40.30  
[2016-11-16 07:13:05] production.INFO: voted ip : 202.67.40.30  
[2016-11-16 07:29:21] production.INFO: voted ip : 36.79.188.177  
[2016-11-16 07:45:43] production.INFO: voted ip : 36.79.188.177  
[2016-11-16 13:46:09] production.INFO: voted ip : 182.30.100.164  
[2016-11-16 14:35:34] production.INFO: voted ip : 182.30.100.164  
[2016-11-16 15:40:27] production.INFO: voted ip : 36.79.188.177  
[2016-11-16 16:18:10] production.INFO: voted ip : 36.83.13.141  
[2016-11-16 16:38:56] production.INFO: voted ip : 180.254.225.116  
[2016-11-16 16:42:07] production.ERROR: exception 'PDOException' with message 'SQLSTATE[HY000] [2002] No connection could be made because the target machine actively refused it.
' in E:\WEBAION\vendor\laravel\framework\src\Illuminate\Database\Connectors\Connector.php:55
Stack trace:
#0 E:\WEBAION\vendor\laravel\framework\src\Illuminate\Database\Connectors\Connector.php(55): PDO->__construct('mysql:host=loca...', 'heataion', 'heataion', Array)
#1 E:\WEBAION\vendor\laravel\framework\src\Illuminate\Database\Connectors\MySqlConnector.php(22): Illuminate\Database\Connectors\Connector->createConnection('mysql:host=loca...', Array, Array)
#2 E:\WEBAION\vendor\laravel\framework\src\Illuminate\Database\Connectors\ConnectionFactory.php(60): Illuminate\Database\Connectors\MySqlConnector->connect(Array)
#3 E:\WEBAION\vendor\laravel\framework\src\Illuminate\Database\Connectors\ConnectionFactory.php(49): Illuminate\Database\Connectors\ConnectionFactory->createSingleConnection(Array)
#4 E:\WEBAION\vendor\laravel\framework\src\Illuminate\Database\DatabaseManager.php(175): Illuminate\Database\Connectors\ConnectionFactory->make(Array, 'aionls')
#5 E:\WEBAION\vendor\laravel\framework\src\Illuminate\Database\DatabaseManager.php(67): Illuminate\Database\DatabaseManager->makeConnection('aionls')
#6 E:\WEBAION\vendor\laravel\framework\src\Illuminate\Database\Eloquent\Model.php(3268): Illuminate\Database\DatabaseManager->connection('aionls')
#7 E:\WEBAION\vendor\laravel\framework\src\Illuminate\Database\Eloquent\Model.php(3234): Illuminate\Database\Eloquent\Model::resolveConnection('aionls')
#8 E:\WEBAION\vendor\laravel\framework\src\Illuminate\Database\Eloquent\Model.php(1914): Illuminate\Database\Eloquent\Model->getConnection()
#9 E:\WEBAION\vendor\laravel\framework\src\Illuminate\Database\Eloquent\Model.php(1857): Illuminate\Database\Eloquent\Model->newBaseQueryBuilder()
#10 E:\WEBAION\vendor\laravel\framework\src\Illuminate\Database\Eloquent\Model.php(1831): Illuminate\Database\Eloquent\Model->newQueryWithoutScopes()
#11 E:\WEBAION\vendor\laravel\framework\src\Illuminate\Database\Eloquent\Model.php(3480): Illuminate\Database\Eloquent\Model->newQuery()
#12 E:\WEBAION\app\Repositories\SettingsRepository.php(40): Illuminate\Database\Eloquent\Model->__call('find', Array)
#13 E:\WEBAION\app\Repositories\SettingsRepository.php(40): App\Models\RoutesAccess->find(1)
#14 E:\WEBAION\app\FacadesClass\SiteSettings.php(28): App\Repositories\SettingsRepository->getRoutesAccess()
#15 E:\WEBAION\vendor\laravel\framework\src\Illuminate\Support\Facades\Facade.php(213): App\FacadesClass\SiteSettings->access()
#16 E:\WEBAION\app\Http\routes.php(23): Illuminate\Support\Facades\Facade::__callStatic('access', Array)
#17 E:\WEBAION\app\Http\routes.php(23): App\Facades\SiteSettings::access()
#18 [internal function]: App\Providers\RouteServiceProvider->{closure}(Object(Illuminate\Routing\Router))
#19 E:\WEBAION\vendor\laravel\framework\src\Illuminate\Routing\Router.php(358): call_user_func(Object(Closure), Object(Illuminate\Routing\Router))
#20 E:\WEBAION\vendor\laravel\framework\src\Illuminate\Support\Facades\Facade.php(219): Illuminate\Routing\Router->group(Array, Object(Closure))
#21 E:\WEBAION\app\Http\routes.php(42): Illuminate\Support\Facades\Facade::__callStatic('group', Array)
#22 E:\WEBAION\app\Http\routes.php(42): Illuminate\Support\Facades\Route::group(Array, Object(Closure))
#23 E:\WEBAION\app\Providers\RouteServiceProvider.php(41): require('E:\\WEBAION\\app\\...')
#24 [internal function]: App\Providers\RouteServiceProvider->App\Providers\{closure}(Object(Illuminate\Routing\Router))
#25 E:\WEBAION\vendor\laravel\framework\src\Illuminate\Routing\Router.php(358): call_user_func(Object(Closure), Object(Illuminate\Routing\Router))
#26 E:\WEBAION\app\Providers\RouteServiceProvider.php(42): Illuminate\Routing\Router->group(Array, Object(Closure))
#27 [internal function]: App\Providers\RouteServiceProvider->map(Object(Illuminate\Routing\Router))
#28 E:\WEBAION\vendor\laravel\framework\src\Illuminate\Container\Container.php(503): call_user_func_array(Array, Array)
#29 E:\WEBAION\vendor\laravel\framework\src\Illuminate\Foundation\Support\Providers\RouteServiceProvider.php(72): Illuminate\Container\Container->call(Array)
#30 E:\WEBAION\vendor\laravel\framework\src\Illuminate\Foundation\Support\Providers\RouteServiceProvider.php(30): Illuminate\Foundation\Support\Providers\RouteServiceProvider->loadRoutes()
#31 E:\WEBAION\app\Providers\RouteServiceProvider.php(29): Illuminate\Foundation\Support\Providers\RouteServiceProvider->boot(Object(Illuminate\Routing\Router))
#32 [internal function]: App\Providers\RouteServiceProvider->boot(Object(Illuminate\Routing\Router))
#33 E:\WEBAION\vendor\laravel\framework\src\Illuminate\Container\Container.php(503): call_user_func_array(Array, Array)
#34 E:\WEBAION\vendor\laravel\framework\src\Illuminate\Foundation\Application.php(734): Illuminate\Container\Container->call(Array)
#35 E:\WEBAION\vendor\laravel\framework\src\Illuminate\Foundation\Application.php(717): Illuminate\Foundation\Application->bootProvider(Object(App\Providers\RouteServiceProvider))
#36 [internal function]: Illuminate\Foundation\Application->Illuminate\Foundation\{closure}(Object(App\Providers\RouteServiceProvider), 16)
#37 E:\WEBAION\vendor\laravel\framework\src\Illuminate\Foundation\Application.php(718): array_walk(Array, Object(Closure))
#38 E:\WEBAION\vendor\laravel\framework\src\Illuminate\Foundation\Bootstrap\BootProviders.php(17): Illuminate\Foundation\Application->boot()
#39 E:\WEBAION\vendor\laravel\framework\src\Illuminate\Foundation\Application.php(203): Illuminate\Foundation\Bootstrap\BootProviders->bootstrap(Object(Illuminate\Foundation\Application))
#40 E:\WEBAION\vendor\laravel\framework\src\Illuminate\Foundation\Http\Kernel.php(222): Illuminate\Foundation\Application->bootstrapWith(Array)
#41 E:\WEBAION\vendor\laravel\framework\src\Illuminate\Foundation\Http\Kernel.php(117): Illuminate\Foundation\Http\Kernel->bootstrap()
#42 E:\WEBAION\vendor\laravel\framework\src\Illuminate\Foundation\Http\Kernel.php(87): Illuminate\Foundation\Http\Kernel->sendRequestThroughRouter(Object(Illuminate\Http\Request))
#43 E:\WEBAION\public\index.php(54): Illuminate\Foundation\Http\Kernel->handle(Object(Illuminate\Http\Request))
#44 {main}  
[2016-11-16 16:42:57] production.INFO: voted ip : 36.79.188.177  
[2016-11-16 16:43:22] production.INFO: voted ip : 36.79.188.177  
[2016-11-16 16:47:37] production.INFO: voted ip : 180.254.225.116  
[2016-11-16 16:47:55] production.INFO: voted ip : 125.161.197.176  
[2016-11-16 16:48:00] production.INFO: voted ip : 125.161.197.176  
[2016-11-16 16:59:39] production.INFO: voted ip : 180.254.225.116  
[2016-11-16 18:00:14] production.INFO: voted ip : 125.161.197.176  
[2016-11-16 20:56:16] production.INFO: voted ip : 36.69.5.225  
[2016-11-16 22:13:02] production.INFO: voted ip : 36.69.0.25  
[2016-11-16 22:25:49] production.INFO: voted ip : 36.69.0.25  
[2016-11-16 22:57:32] production.INFO: voted ip : 36.69.0.76  
[2016-11-16 23:14:36] production.INFO: voted ip : 180.245.163.240  
[2016-11-16 23:29:16] production.INFO: voted ip : 114.125.169.175  
